[0.203s] Invoking command in '/home/pathonai/ros2_ws/src/opensource_dev/build/mycobot_moveit_demos': DEBUGINFOD_URLS=https://debuginfod.ubuntu.com /usr/bin/cmake --build /home/pathonai/ros2_ws/src/opensource_dev/build/mycobot_moveit_demos -- -j16 -l16
[0.444s] [ 25%] [32mBuilding CXX object CMakeFiles/hello_moveit.dir/src/hello_moveit.cpp.o[0m
[0.444s] [ 50%] [32mBuilding CXX object CMakeFiles/plan_around_objects.dir/src/plan_around_objects.cpp.o[0m
[7.489s] [ 75%] [32m[1mLinking CXX executable hello_moveit[0m
[8.287s] [ 75%] Built target hello_moveit
[11.111s] [100%] [32m[1mLinking CXX executable plan_around_objects[0m
[12.196s] /usr/bin/ld: warning: libgz-math7.so.7, needed by /home/pathonai/ros2_jazzy/install/rviz_default_plugins/lib/librviz_default_plugins.so, not found (try using -rpath or -rpath-link)
[12.738s] /usr/bin/ld: /home/pathonai/ros2_jazzy/install/rviz_default_plugins/lib/librviz_default_plugins.so: undefined reference to `gz::math::v7::Angle::Normalize()'
[12.761s] /usr/bin/ld: /home/pathonai/ros2_jazzy/install/rviz_default_plugins/lib/librviz_default_plugins.so: undefined reference to `gz::math::v7::Angle::Radian() const'
[12.805s] collect2: error: ld returned 1 exit status
[12.807s] gmake[2]: *** [CMakeFiles/plan_around_objects.dir/build.make:423: plan_around_objects] Error 1
[12.807s] gmake[1]: *** [CMakeFiles/Makefile2:165: CMakeFiles/plan_around_objects.dir/all] Error 2
[12.807s] gmake: *** [Makefile:146: all] Error 2
