[  1%] [34m[1mGenerating type hashes for ROS interfaces[0m
[  1%] Built target ament_cmake_python_symlink_moveit_task_constructor_msgs
running egg_info
creating moveit_task_constructor_msgs.egg-info
writing moveit_task_constructor_msgs.egg-info/PKG-INFO
writing dependency_links to moveit_task_constructor_msgs.egg-info/dependency_links.txt
writing top-level names to moveit_task_constructor_msgs.egg-info/top_level.txt
writing manifest file 'moveit_task_constructor_msgs.egg-info/SOURCES.txt'
reading manifest file 'moveit_task_constructor_msgs.egg-info/SOURCES.txt'
writing manifest file 'moveit_task_constructor_msgs.egg-info/SOURCES.txt'
[  1%] Built target ament_cmake_python_build_moveit_task_constructor_msgs_egg
Traceback (most recent call last):
  File "/home/pathonai/ros2_jazzy/install/rosidl_generator_type_description/lib/rosidl_generator_type_description/rosidl_generator_type_description", line 21, in <module>
    from rosidl_generator_type_description import generate_type_hash
ModuleNotFoundError: No module named 'rosidl_generator_type_description'
gmake[2]: *** [CMakeFiles/moveit_task_constructor_msgs__rosidl_generator_type_description.dir/build.make:97: rosidl_generator_type_description/moveit_task_constructor_msgs/msg/Property.json] Error 1
gmake[1]: *** [CMakeFiles/Makefile2:215: CMakeFiles/moveit_task_constructor_msgs__rosidl_generator_type_description.dir/all] Error 2
gmake[1]: *** Waiting for unfinished jobs....
gmake: *** [Makefile:146: all] Error 2
